<?xml version="1.0" encoding="UTF-8"?>
<!-- Generated by org.testng.reporters.JUnitReportReporter -->
<testsuite hostname="FFE-Vignesh-Balaji" failures="0" tests="1" name="com.shoppersStack.testscripts.MyProfile" time="7.064" errors="0" timestamp="2024-03-07T15:59:44 IST" skipped="0">
  <testcase classname="com.shoppersStack.testscripts.MyProfile" name="editAddress" time="7.064"/>
</testsuite> <!-- com.shoppersStack.testscripts.MyProfile -->
