<?xml version="1.0" encoding="UTF-8"?>
<!-- Generated by org.testng.reporters.JUnitReportReporter -->
<testsuite hostname="TYSS-Anurag-Anand" failures="0" tests="1" name="com.shoppersStack.testscripts.WishlistModule" time="12.041" errors="0" timestamp="12 Mar 2024 06:02:57 GMT" skipped="0">
  <testcase classname="com.shoppersStack.testscripts.WishlistModule" name="removeItemFromWishlist" time="12.041"/>
</testsuite> <!-- com.shoppersStack.testscripts.WishlistModule -->
