<?xml version="1.0" encoding="UTF-8"?>
<!-- Generated by org.testng.reporters.JUnitReportReporter -->
<testsuite hostname="FFE-Vignesh-Balaji" failures="0" tests="1" name="com.shoppersStack.testscripts.BuyModule" time="24.911" errors="0" timestamp="2024-03-08T16:56:34 IST" skipped="0">
  <testcase classname="com.shoppersStack.testscripts.BuyModule" name="cancelOrder" time="24.911"/>
</testsuite> <!-- com.shoppersStack.testscripts.BuyModule -->
