<?xml version="1.0" encoding="UTF-8"?>
<!-- Generated by org.testng.reporters.JUnitReportReporter -->
<testsuite hostname="FFPL-Rangaiah" failures="0" tests="1" name="com.shoppersStack.testscripts.SearchModule" time="12.565" errors="0" timestamp="07 Mar 2024 13:14:07 GMT" skipped="0">
  <testcase classname="com.shoppersStack.testscripts.SearchModule" name="SearchProducts" time="12.565"/>
</testsuite> <!-- com.shoppersStack.testscripts.SearchModule -->
