<?xml version="1.0" encoding="UTF-8"?>
<!-- Generated by org.testng.reporters.JUnitReportReporter -->
<testsuite hostname="FFPL-Rangaiah" failures="0" tests="1" name="com.shoppersStack.testscripts.MyAddressModule" time="12.002" errors="0" timestamp="08 Mar 2024 05:57:33 GMT" skipped="0">
  <testcase classname="com.shoppersStack.testscripts.MyAddressModule" name="EditAddressOffice" time="12.002"/>
</testsuite> <!-- com.shoppersStack.testscripts.MyAddressModule -->
