<?xml version="1.0" encoding="UTF-8"?>
<!-- Generated by org.testng.reporters.JUnitReportReporter -->
<testsuite hostname="FFPL-Rangaiah" failures="0" tests="1" name="com.shoppersStack.testscripts.LogoutModule" time="10.079" errors="0" timestamp="08 Mar 2024 04:59:56 GMT" skipped="0">
  <testcase classname="com.shoppersStack.testscripts.LogoutModule" name="Logout" time="10.079"/>
</testsuite> <!-- com.shoppersStack.testscripts.LogoutModule -->
