<?xml version="1.0" encoding="UTF-8"?>
<!-- Generated by org.testng.reporters.JUnitReportReporter -->
<testsuite hostname="FFE-Vignesh-Balaji" failures="0" tests="1" name="com.shoppersStack.testscripts.End_To_EndModule" time="21.677" errors="0" timestamp="2024-03-08T15:22:40 IST" skipped="0">
  <testcase classname="com.shoppersStack.testscripts.End_To_EndModule" name="orderProduct" time="21.677"/>
</testsuite> <!-- com.shoppersStack.testscripts.End_To_EndModule -->
