<?xml version="1.0" encoding="UTF-8"?>
<!-- Generated by org.testng.reporters.JUnitReportReporter -->
<testsuite hostname="TYSS-Anurag-Anand" failures="0" tests="2" name="com.shoppersStack.testscripts.RegisterationModule" time="13.023" errors="0" timestamp="07 Mar 2024 13:04:30 GMT" skipped="0">
  <testcase classname="com.shoppersStack.testscripts.RegisterationModule" name="shopperRegister" time="7.382"/>
  <testcase classname="com.shoppersStack.testscripts.RegisterationModule" name="adminRegister" time="5.641"/>
</testsuite> <!-- com.shoppersStack.testscripts.RegisterationModule -->
