<?xml version="1.0" encoding="UTF-8"?>
<!-- Generated by org.testng.reporters.JUnitReportReporter -->
<testsuite hostname="FFPL-Rangaiah" failures="0" tests="1" name="com.shoppersStack.testscripts.MyAddressModule" time="18.736" errors="0" timestamp="07 Mar 2024 05:09:10 GMT" skipped="0">
  <testcase classname="com.shoppersStack.testscripts.MyAddressModule" name="addAddress" time="18.736"/>
</testsuite> <!-- com.shoppersStack.testscripts.MyAddressModule -->
