<?xml version="1.0" encoding="UTF-8"?>
<!-- Generated by org.testng.reporters.JUnitReportReporter -->
<testsuite hostname="FFE-Vignesh-Balaji" failures="0" tests="1" name="com.shoppersStack.testscripts.VocherModule" time="32.262" errors="0" timestamp="2024-03-12T19:03:54 IST" skipped="0">
  <testcase classname="com.shoppersStack.testscripts.VocherModule" name="GenerateVocher" time="32.262"/>
</testsuite> <!-- com.shoppersStack.testscripts.VocherModule -->
