<?xml version="1.0" encoding="UTF-8"?>
<!-- Generated by org.testng.reporters.JUnitReportReporter -->
<testsuite hostname="TYSS-Anurag-Anand" failures="0" tests="2" name="com.shoppersStack.testscripts.LoginModule" time="20.460" errors="0" timestamp="06 Mar 2024 11:07:46 GMT" skipped="0">
  <testcase classname="com.shoppersStack.testscripts.LoginModule" name="shopperLogin" time="10.855"/>
  <testcase classname="com.shoppersStack.testscripts.LoginModule" name="adminLogin" time="9.605"/>
</testsuite> <!-- com.shoppersStack.testscripts.LoginModule -->
