<?xml version="1.0" encoding="UTF-8"?>
<!-- Generated by org.testng.reporters.JUnitReportReporter -->
<testsuite hostname="FFE-Vignesh-Balaji" failures="0" tests="1" name="com.shoppersStack.testscripts.AddProductToCart" time="24.463" errors="0" timestamp="2024-03-08T16:54:14 IST" skipped="0">
  <testcase classname="com.shoppersStack.testscripts.AddProductToCart" name="deleteProductFromCart" time="24.463"/>
</testsuite> <!-- com.shoppersStack.testscripts.AddProductToCart -->
