<?xml version="1.0" encoding="UTF-8"?>
<!-- Generated by org.testng.reporters.JUnitReportReporter -->
<testsuite hostname="TYSS-Anurag-Anand" failures="0" tests="1" name="com.shoppersStack.testscripts.LoginModule" time="9.018" errors="0" timestamp="11 Mar 2024 11:52:55 GMT" skipped="0">
  <testcase classname="com.shoppersStack.testscripts.LoginModule" name="shopperLogin" time="9.018"/>
</testsuite> <!-- com.shoppersStack.testscripts.LoginModule -->
