<?xml version="1.0" encoding="UTF-8"?>
<!-- Generated by org.testng.reporters.JUnitReportReporter -->
<testsuite hostname="FFE-Vignesh-Balaji" failures="0" tests="1" name="com.shoppersStack.testscripts.LoginModule" time="14.646" errors="0" timestamp="2024-03-14T14:37:43 IST" skipped="0">
  <testcase classname="com.shoppersStack.testscripts.LoginModule" name="adminLogin" time="14.646"/>
</testsuite> <!-- com.shoppersStack.testscripts.LoginModule -->
