<?xml version="1.0" encoding="UTF-8"?>
<!-- Generated by org.testng.reporters.JUnitReportReporter -->
<testsuite hostname="FFPL-Rangaiah" failures="0" tests="1" name="com.shoppersStack.testscripts.LogoutModule" time="14.225" errors="0" timestamp="08 Mar 2024 06:30:16 GMT" skipped="0">
  <testcase classname="com.shoppersStack.testscripts.LogoutModule" name="Logout" time="14.225"/>
</testsuite> <!-- com.shoppersStack.testscripts.LogoutModule -->
