<?xml version="1.0" encoding="UTF-8"?>
<!-- Generated by org.testng.reporters.JUnitReportReporter -->
<testsuite hostname="FFPL-Rangaiah" failures="0" tests="1" name="com.shoppersStack.testscripts.SearchModule" time="15.928" errors="0" timestamp="08 Mar 2024 05:09:25 GMT" skipped="0">
  <testcase classname="com.shoppersStack.testscripts.SearchModule" name="SearchProducts" time="15.928"/>
</testsuite> <!-- com.shoppersStack.testscripts.SearchModule -->
