<?xml version="1.0" encoding="UTF-8"?>
<!-- Generated by org.testng.reporters.JUnitReportReporter -->
<testsuite hostname="FFE-Vignesh-Balaji" failures="0" tests="6" name="testing.DataProvider" time="2.412" errors="0" timestamp="2024-03-29T17:13:44 IST" skipped="0">
  <testcase classname="testing.DataProvider" name="login" time="0.389"/>
  <testcase classname="testing.DataProvider" name="login" time="0.346"/>
  <testcase classname="testing.DataProvider" name="login" time="0.452"/>
  <testcase classname="testing.DataProvider" name="login" time="0.286"/>
  <testcase classname="testing.DataProvider" name="login" time="0.483"/>
  <testcase classname="testing.DataProvider" name="login" time="0.456"/>
</testsuite> <!-- testing.DataProvider -->
