<?xml version="1.0" encoding="UTF-8"?>
<!-- Generated by org.testng.reporters.JUnitReportReporter -->
<testsuite hostname="TYSS-Anurag-Anand" failures="0" tests="1" name="com.shoppersStack.testscripts.RegisterationModule" time="16.282" errors="0" timestamp="07 Mar 2024 07:38:29 GMT" skipped="0">
  <testcase classname="com.shoppersStack.testscripts.RegisterationModule" name="shopperRegister" time="16.282"/>
</testsuite> <!-- com.shoppersStack.testscripts.RegisterationModule -->
