<?xml version="1.0" encoding="UTF-8"?>
<!-- Generated by org.testng.reporters.JUnitReportReporter -->
<testsuite hostname="FFPL-Rangaiah" failures="0" tests="1" name="com.shoppersStack.testscripts.VocherModule" time="25.360" errors="0" timestamp="12 Mar 2024 05:32:21 GMT" skipped="0">
  <testcase classname="com.shoppersStack.testscripts.VocherModule" name="GenerateVocher" time="25.360"/>
</testsuite> <!-- com.shoppersStack.testscripts.VocherModule -->
