<?xml version="1.0" encoding="UTF-8"?>
<!-- Generated by org.testng.reporters.JUnitReportReporter -->
<testsuite hostname="TYSS-Anurag-Anand" failures="0" tests="1" name="com.shoppersStack.testscripts.MyProfileModule" time="9.360" errors="0" timestamp="08 Mar 2024 09:30:44 GMT" skipped="0">
  <testcase classname="com.shoppersStack.testscripts.MyProfileModule" name="uploadProfileImage" time="9.360"/>
</testsuite> <!-- com.shoppersStack.testscripts.MyProfileModule -->
