<?xml version="1.0" encoding="UTF-8"?>
<!-- Generated by org.testng.reporters.JUnitReportReporter -->
<testsuite hostname="TYSS-Anurag-Anand" failures="0" tests="1" name="com.shoppersStack.testscripts.LoginModule" time="16.830" errors="0" timestamp="07 Mar 2024 06:19:02 GMT" skipped="0">
  <testcase classname="com.shoppersStack.testscripts.LoginModule" name="shopperLogin" time="16.830"/>
</testsuite> <!-- com.shoppersStack.testscripts.LoginModule -->
