<?xml version="1.0" encoding="UTF-8"?>
<!-- Generated by org.testng.reporters.JUnitReportReporter -->
<testsuite hostname="FFE-Vignesh-Balaji" failures="0" tests="1" name="com.shoppersStack.testscripts.LogoutModule" time="18.556" errors="0" timestamp="2024-03-14T14:38:51 IST" skipped="0">
  <testcase classname="com.shoppersStack.testscripts.LogoutModule" name="Logout" time="18.556"/>
</testsuite> <!-- com.shoppersStack.testscripts.LogoutModule -->
