<?xml version="1.0" encoding="UTF-8"?>
<!-- Generated by org.testng.reporters.JUnitReportReporter -->
<testsuite hostname="FFPL-Rangaiah" failures="0" tests="1" name="generic.BaseClass" time="0.010" errors="0" timestamp="06 Mar 2024 05:29:56 GMT" skipped="0">
  <testcase classname="generic.BaseClass" name="demo" time="0.010"/>
</testsuite> <!-- generic.BaseClass -->
