<?xml version="1.0" encoding="UTF-8"?>
<!-- Generated by org.testng.reporters.JUnitReportReporter -->
<testsuite hostname="FFPL-Rangaiah" failures="0" tests="1" name="com.shoppersStack.testscripts.LoginModule" time="6.014" errors="0" timestamp="06 Mar 2024 06:11:07 GMT" skipped="0">
  <testcase classname="com.shoppersStack.testscripts.LoginModule" name="shopperLogin" time="6.014"/>
</testsuite> <!-- com.shoppersStack.testscripts.LoginModule -->
