<?xml version="1.0" encoding="UTF-8"?>
<!-- Generated by org.testng.reporters.JUnitReportReporter -->
<testsuite hostname="FFPL-Rangaiah" failures="0" tests="1" name="com.shoppersStack.testscripts.MyAddressModule" time="8.928" errors="0" timestamp="08 Mar 2024 05:31:38 GMT" skipped="0">
  <testcase classname="com.shoppersStack.testscripts.MyAddressModule" name="EditAddressOffice" time="8.928"/>
</testsuite> <!-- com.shoppersStack.testscripts.MyAddressModule -->
