<?xml version="1.0" encoding="UTF-8"?>
<!-- Generated by org.testng.reporters.JUnitReportReporter -->
<testsuite hostname="FFPL-Rangaiah" failures="0" tests="1" name="com.shoppersStack.testscripts.VocherModule" time="16.314" errors="0" timestamp="08 Mar 2024 10:18:44 GMT" skipped="0">
  <testcase classname="com.shoppersStack.testscripts.VocherModule" name="GenerateVocher" time="16.314"/>
</testsuite> <!-- com.shoppersStack.testscripts.VocherModule -->
