<?xml version="1.0" encoding="UTF-8"?>
<!-- Generated by org.testng.reporters.JUnitReportReporter -->
<testsuite hostname="FFE-Vignesh-Balaji" failures="0" tests="1" name="com.shoppersStack.testscripts.MyWalletModule" time="19.271" errors="0" timestamp="2024-03-12T11:37:04 IST" skipped="0">
  <testcase classname="com.shoppersStack.testscripts.MyWalletModule" name="myWallet" time="19.271"/>
</testsuite> <!-- com.shoppersStack.testscripts.MyWalletModule -->
