<?xml version="1.0" encoding="UTF-8"?>
<!-- Generated by org.testng.reporters.JUnitReportReporter -->
<testsuite hostname="FFPL-Rangaiah" failures="0" tests="1" name="com.shoppersStack.testscripts.MyAddressModule" time="13.375" errors="0" timestamp="07 Mar 2024 12:20:26 GMT" skipped="0">
  <testcase classname="com.shoppersStack.testscripts.MyAddressModule" name="EditAddressOffice" time="13.375"/>
</testsuite> <!-- com.shoppersStack.testscripts.MyAddressModule -->
